Servidor iniciado indefinidamente. Escutando: /tmp/registo_pacman
DIM = 20 x 20
TEMPO = 1000
PAC = ./levels/pac.p
MON file: ./levels/1.m
Line: XXXXXXXXXXXXXXXXXXXX
Line: XooooooooooooooooooX
Line: XooooooooooooooooooX
Line: XooooooooooooooooooX
Line: XooooooooooooooooooX
Line: XooooooooooooooooooX
Line: XooooooooooooooooooX
Line: XooooooooooooooooooX
Line: XooooooooooooooooooX
Line: XooooooooooooooooooX
Line: XooooooooooooooooooX
Line: XooooooooooooooooooX
Line: XooooooooooooooooooX
Line: XooooooooooooooooooX
Line: XooooooooooooooooooX
Line: XooooooooooooooooooX
Line: XooooooooooooooooooX
Line: XooooooooooooooooooX
Line: XooooooooooooooooooX
Line: XXXXXXXXXXXXXXXXXXXX
Pacman posicionado em: 7, 2
Pacman carregado com passo: 0
Ghost Pos = 3 x 3
Ghost passo: 0
Thread de escuta de comandos iniciada.
Servidor: Recebido comando de movimento 'P'
LOG MOVIMENTO: Tecla P | Posição: (7,2) -> (7,2)
Servidor: Recebido comando de movimento 'O'
LOG MOVIMENTO: Tecla O | Posição: (7,2) -> (7,2)
Servidor: Recebido comando de movimento 'S'
LOG MOVIMENTO: Tecla S | Posição: (7,2) -> (7,3)
Servidor: Recebido comando de movimento ' '
LOG MOVIMENTO: Tecla   | Posição: (7,3) -> (7,3)
Servidor: Recebido comando de movimento '7'
LOG MOVIMENTO: Tecla 7 | Posição: (7,3) -> (7,3)
Servidor: Recebido comando de movimento ' '
LOG MOVIMENTO: Tecla   | Posição: (7,3) -> (7,3)
Servidor: Recebido comando de movimento '2'
LOG MOVIMENTO: Tecla 2 | Posição: (7,3) -> (7,3)
Servidor: Recebido comando de movimento 'P'
LOG MOVIMENTO: Tecla P | Posição: (7,3) -> (7,3)
Servidor: Recebido comando de movimento 'A'
LOG MOVIMENTO: Tecla A | Posição: (7,3) -> (6,3)
Servidor: Recebido comando de movimento 'S'
LOG MOVIMENTO: Tecla S | Posição: (6,3) -> (6,4)
Servidor: Recebido comando de movimento 'S'
LOG MOVIMENTO: Tecla S | Posição: (6,4) -> (6,5)
Servidor: Recebido comando de movimento 'O'
LOG MOVIMENTO: Tecla O | Posição: (6,5) -> (6,5)
Servidor: Recebido comando de movimento ' '
LOG MOVIMENTO: Tecla   | Posição: (6,5) -> (6,5)
Servidor: Recebido comando de movimento '0'
LOG MOVIMENTO: Tecla 0 | Posição: (6,5) -> (6,5)
Servidor: Recebido comando de movimento 'W'
LOG MOVIMENTO: Tecla W | Posição: (6,5) -> (6,4)
Servidor: Recebido comando de movimento 'S'
LOG MOVIMENTO: Tecla S | Posição: (6,4) -> (6,5)
Servidor: Recebido comando de movimento 'P'
LOG MOVIMENTO: Tecla P | Posição: (6,5) -> (6,5)
Servidor: Recebido comando de movimento 'O'
LOG MOVIMENTO: Tecla O | Posição: (6,5) -> (6,5)
Servidor: Recebido comando de movimento 'S'
LOG MOVIMENTO: Tecla S | Posição: (6,5) -> (6,6)
Servidor: Recebido comando de movimento ' '
LOG MOVIMENTO: Tecla   | Posição: (6,6) -> (6,6)
Servidor: Recebido comando de movimento '7'
LOG MOVIMENTO: Tecla 7 | Posição: (6,6) -> (6,6)
Servidor: Recebido comando de movimento ' '
LOG MOVIMENTO: Tecla   | Posição: (6,6) -> (6,6)
Cliente desconectado (Pipe fechado).
Encerrando thread de escuta de comandos.
A limpar recursos da sessão...
Sinal de paragem recebido. Servidor a encerrar...
